<?xml version="1.0" encoding="UTF-8"?>
<testng-results skipped="0" failed="0" total="1" passed="1">
  <reporter-output>
  </reporter-output>
  <suite name="Default suite" duration-ms="66276" started-at="2014-08-11T12:47:17Z" finished-at="2014-08-11T12:48:23Z">
    <groups>
      <group name="seetest">
        <method signature="livetv_play.testlivetv_content_play()[pri:0, instance:com.apalya.playcontent.livetv_play@4873e835]" name="testlivetv_content_play" class="com.apalya.playcontent.livetv_play"/>
      </group> <!-- seetest -->
    </groups>
    <test name="Default test" duration-ms="66276" started-at="2014-08-11T12:47:17Z" finished-at="2014-08-11T12:48:23Z">
      <class name="com.apalya.playcontent.livetv_play">
        <test-method status="PASS" signature="testlivetv_content_play()[pri:0, instance:com.apalya.playcontent.livetv_play@4873e835]" name="testlivetv_content_play" duration-ms="66263" started-at="2014-08-11T18:17:17Z" finished-at="2014-08-11T18:18:23Z">
          <reporter-output>
          </reporter-output>
        </test-method> <!-- testlivetv_content_play -->
      </class> <!-- com.apalya.playcontent.livetv_play -->
    </test> <!-- Default test -->
  </suite> <!-- Default suite -->
</testng-results>
