<?xml version="1.0" encoding="UTF-8"?>
<testng-results skipped="0" failed="0" total="1" passed="1">
  <reporter-output>
  </reporter-output>
  <suite name="Default suite" duration-ms="82068" started-at="2014-09-08T11:36:47Z" finished-at="2014-09-08T11:38:09Z">
    <groups>
    </groups>
    <test name="Default test" duration-ms="82068" started-at="2014-09-08T11:36:47Z" finished-at="2014-09-08T11:38:09Z">
      <class name="com.apalya.playcontent.movie_trialer_play_check">
        <test-method status="PASS" signature="movie_trialer()[pri:0, instance:com.apalya.playcontent.movie_trialer_play_check@3eeec5b4]" name="movie_trialer" duration-ms="82054" started-at="2014-09-08T17:06:47Z" finished-at="2014-09-08T17:08:09Z">
          <reporter-output>
          </reporter-output>
        </test-method> <!-- movie_trialer -->
      </class> <!-- com.apalya.playcontent.movie_trialer_play_check -->
    </test> <!-- Default test -->
  </suite> <!-- Default suite -->
</testng-results>
