<?xml version="1.0" encoding="UTF-8"?>
<!-- Generated by org.testng.reporters.JUnitXMLReporter -->
<testsuite hostname="MyplexQA-PC" name="facebook login test" tests="1" failures="1" timestamp="11 Aug 2014 12:58:46 GMT" time="177.146" errors="0">
  <testcase name="testfacebook_login_scenario" time="177.136" classname="com.apalya.login.facebook_login">
    <failure type="java.lang.RuntimeException" message="Exception caught while executing elementSendText: null">
      <![CDATA[java.lang.RuntimeException: Exception caught while executing elementSendText: null
	at com.experitest.client.Client.execute(Client.java:161)
	at com.experitest.client.Client.elementSendText(Client.java:576)
	at com.apalya.utils.keywords.send_text_web(keywords.java:73)
	at com.apalya.login.facebook_login.testfacebook_login_scenario(facebook_login.java:30)
... Removed 24 stack frames]]>
    </failure>
  </testcase> <!-- testfacebook_login_scenario -->
</testsuite> <!-- facebook login test -->
