<?xml version="1.0" encoding="UTF-8"?>
<!-- Generated by org.testng.reporters.JUnitXMLReporter -->
<testsuite hostname="MyplexQA-PC" name="livetv favourites test" tests="2" failures="0" timestamp="11 Aug 2014 12:55:48 GMT" time="73.436" errors="0">
  <testcase name="set_favorites_livetv" time="55.779" classname="com.apalya.favorites.livetv_favorities"/>
  <testcase name="unset_favorite_livetv" time="17.655" classname="com.apalya.favorites.livetv_favorities"/>
</testsuite> <!-- livetv favourites test -->
