<?xml version="1.0" encoding="UTF-8"?>
<!-- Generated by org.testng.reporters.JUnitXMLReporter -->
<testsuite hostname="MyplexQA-PC" name="movie dtr content play test" tests="1" failures="1" timestamp="11 Aug 2014 12:59:20 GMT" time="14.677" errors="0">
  <testcase name="content_play" time="14.676" classname="com.apalya.playcontent.bollywood_movie_dtr">
    <failure type="java.lang.RuntimeException" message="Exception caught while executing click: Element wasn&amp;apos;t identified: &amp;apos;text=login to myplex&amp;apos; at zone NATIVE">
      <![CDATA[java.lang.RuntimeException: Exception caught while executing click: Element wasn't identified: 'text=login to myplex' at zone NATIVE
	at com.experitest.client.Client.execute(Client.java:161)
	at com.experitest.client.Client.click(Client.java:336)
	at com.apalya.utils.keywords.click_native(keywords.java:85)
	at com.apalya.utils.reusable_functions.normal_myplex_login(reusable_functions.java:23)
	at com.apalya.playcontent.bollywood_movie_dtr.content_play(bollywood_movie_dtr.java:21)
... Removed 24 stack frames]]>
    </failure>
  </testcase> <!-- content_play -->
</testsuite> <!-- movie dtr content play test -->
