<?xml version="1.0" encoding="UTF-8"?>
<!-- Generated by org.testng.reporters.JUnitXMLReporter -->
<testsuite hostname="MyplexQA-PC" name="movie favourites test" tests="2" failures="0" timestamp="11 Aug 2014 12:54:35 GMT" time="76.303" errors="0">
  <testcase name="set_favorites_movies" time="55.815" classname="com.apalya.favorites.hollywood_movies_favorities"/>
  <testcase name="unset_favorite_movie" time="20.486" classname="com.apalya.favorites.hollywood_movies_favorities"/>
</testsuite> <!-- movie favourites test -->
